<?xml version="1.0" encoding="UTF-8"?>
<testng-results ignored="0" total="1" passed="1" failed="0" skipped="0">
  <reporter-output>
  </reporter-output>
  <suite started-at="2020-07-13T18:38:48Z" name="2DP_Class_2xDeploy[S3;REST]_XLS" finished-at="2020-07-13T18:38:48Z" duration-ms="48">
    <groups>
    </groups>
    <test started-at="2020-07-13T18:38:48Z" name="GetPricesFromBothPages" finished-at="2020-07-13T18:38:48Z" duration-ms="48">
      <class name="MockedTest">
        <test-method signature="mockedTest()[pri:0, instance:MockedTest@5158b42f]" started-at="2020-07-13T18:38:48Z" name="mockedTest" finished-at="2020-07-13T18:38:48Z" duration-ms="6" status="PASS">
          <reporter-output>
          </reporter-output>
        </test-method> <!-- mockedTest -->
      </class> <!-- MockedTest -->
    </test> <!-- GetPricesFromBothPages -->
  </suite> <!-- 2DP_Class_2xDeploy[S3;REST]_XLS -->
</testng-results>
